<?xml version="1.0" encoding="UTF-8"?>
<testng-results ignored="21" total="30" passed="8" failed="1" skipped="0">
  <reporter-output>
  </reporter-output>
  <suite started-at="2024-03-05T18:49:07 IST" name="Suite" finished-at="2024-03-05T18:54:42 IST" duration-ms="335013">
    <groups>
      <group name="Sanity">
        <method signature="AccountCreationTest.verifyCreateAccountPGETest()[pri:0, instance:com.Mystore.TestCases.AccountCreationTest@3d51f06e]" name="verifyCreateAccountPGETest" class="com.Mystore.TestCases.AccountCreationTest"/>
        <method signature="LoginPageTest.LoginTest(java.lang.String, java.lang.String)[pri:0, instance:com.Mystore.TestCases.LoginPageTest@481a996b]" name="LoginTest" class="com.Mystore.TestCases.LoginPageTest"/>
      </group> <!-- Sanity -->
      <group name="Regression">
        <method signature="AddToCartPageTest.addToCartTest()[pri:0, instance:com.Mystore.TestCases.AddToCartPageTest@28eaa59a]" name="addToCartTest" class="com.Mystore.TestCases.AddToCartPageTest"/>
        <method signature="EndToEndTest.EndToEndTest()[pri:0, instance:com.Mystore.TestCases.EndToEndTest@27ce24aa]" name="EndToEndTest" class="com.Mystore.TestCases.EndToEndTest"/>
        <method signature="OrderPageTest.validateTotalPrice()[pri:0, instance:com.Mystore.TestCases.OrderPageTest@1cbbffcd]" name="validateTotalPrice" class="com.Mystore.TestCases.OrderPageTest"/>
      </group> <!-- Regression -->
      <group name="Smoke">
        <method signature="AddToCartPageTest.addToCartTest()[pri:0, instance:com.Mystore.TestCases.AddToCartPageTest@28eaa59a]" name="addToCartTest" class="com.Mystore.TestCases.AddToCartPageTest"/>
        <method signature="HomePageTest.validateGetCurrentURL()[pri:0, instance:com.Mystore.TestCases.HomePageTest@3daa422a]" name="validateGetCurrentURL" class="com.Mystore.TestCases.HomePageTest"/>
        <method signature="IndexPageTest.verifyLogo()[pri:0, instance:com.Mystore.TestCases.IndexPageTest@7ed7259e]" name="verifyLogo" class="com.Mystore.TestCases.IndexPageTest"/>
        <method signature="IndexPageTest.verifyTitle()[pri:0, instance:com.Mystore.TestCases.IndexPageTest@7ed7259e]" name="verifyTitle" class="com.Mystore.TestCases.IndexPageTest"/>
        <method signature="LoginPageTest.LoginTest(java.lang.String, java.lang.String)[pri:0, instance:com.Mystore.TestCases.LoginPageTest@481a996b]" name="LoginTest" class="com.Mystore.TestCases.LoginPageTest"/>
        <method signature="SearchResultPageTest.productAvailabilityTest()[pri:0, instance:com.Mystore.TestCases.SearchResultPageTest@31c88ec8]" name="productAvailabilityTest" class="com.Mystore.TestCases.SearchResultPageTest"/>
      </group> <!-- Smoke -->
    </groups>
    <test started-at="2024-03-05T18:49:07 IST" name="Test_all" finished-at="2024-03-05T18:54:42 IST" duration-ms="335013">
      <class name="com.Mystore.TestCases.IndexPageTest">
        <test-method is-config="true" signature="setup()[pri:0, instance:com.Mystore.TestCases.IndexPageTest@7ed7259e]" started-at="2024-03-05T18:52:53 IST" name="setup" finished-at="2024-03-05T18:53:18 IST" duration-ms="25253" status="PASS">
          <reporter-output>
          </reporter-output>
        </test-method> <!-- setup -->
        <test-method signature="verifyLogo()[pri:0, instance:com.Mystore.TestCases.IndexPageTest@7ed7259e]" started-at="2024-03-05T18:53:18 IST" name="verifyLogo" finished-at="2024-03-05T18:53:28 IST" duration-ms="10109" status="PASS">
          <reporter-output>
          </reporter-output>
        </test-method> <!-- verifyLogo -->
        <test-method is-config="true" signature="tearDown()[pri:0, instance:com.Mystore.TestCases.IndexPageTest@7ed7259e]" started-at="2024-03-05T18:53:28 IST" name="tearDown" finished-at="2024-03-05T18:53:29 IST" duration-ms="250" status="PASS">
          <reporter-output>
          </reporter-output>
        </test-method> <!-- tearDown -->
        <test-method is-config="true" signature="setup()[pri:0, instance:com.Mystore.TestCases.IndexPageTest@7ed7259e]" started-at="2024-03-05T18:53:29 IST" name="setup" finished-at="2024-03-05T18:53:54 IST" duration-ms="25272" status="PASS">
          <reporter-output>
          </reporter-output>
        </test-method> <!-- setup -->
        <test-method signature="verifyTitle()[pri:0, instance:com.Mystore.TestCases.IndexPageTest@7ed7259e]" started-at="2024-03-05T18:53:54 IST" name="verifyTitle" finished-at="2024-03-05T18:54:04 IST" duration-ms="10016" status="PASS">
          <reporter-output>
          </reporter-output>
        </test-method> <!-- verifyTitle -->
        <test-method is-config="true" signature="tearDown()[pri:0, instance:com.Mystore.TestCases.IndexPageTest@7ed7259e]" started-at="2024-03-05T18:54:04 IST" name="tearDown" finished-at="2024-03-05T18:54:04 IST" duration-ms="281" status="PASS">
          <reporter-output>
          </reporter-output>
        </test-method> <!-- tearDown -->
      </class> <!-- com.Mystore.TestCases.IndexPageTest -->
      <class name="com.Mystore.TestCases.SearchResultPageTest">
        <test-method is-config="true" signature="setup()[pri:0, instance:com.Mystore.TestCases.SearchResultPageTest@31c88ec8]" started-at="2024-03-05T18:49:37 IST" name="setup" finished-at="2024-03-05T18:50:02 IST" duration-ms="25336" status="PASS">
          <reporter-output>
          </reporter-output>
        </test-method> <!-- setup -->
        <test-method signature="productAvailabilityTest()[pri:0, instance:com.Mystore.TestCases.SearchResultPageTest@31c88ec8]" started-at="2024-03-05T18:50:02 IST" name="productAvailabilityTest" finished-at="2024-03-05T18:50:05 IST" duration-ms="3246" status="PASS">
          <reporter-output>
          </reporter-output>
        </test-method> <!-- productAvailabilityTest -->
        <test-method is-config="true" signature="tearDown()[pri:0, instance:com.Mystore.TestCases.SearchResultPageTest@31c88ec8]" started-at="2024-03-05T18:50:05 IST" name="tearDown" finished-at="2024-03-05T18:50:06 IST" duration-ms="267" status="PASS">
          <reporter-output>
          </reporter-output>
        </test-method> <!-- tearDown -->
      </class> <!-- com.Mystore.TestCases.SearchResultPageTest -->
      <class name="com.Mystore.TestCases.AccountCreationTest">
        <test-method is-config="true" signature="setup()[pri:0, instance:com.Mystore.TestCases.AccountCreationTest@3d51f06e]" started-at="2024-03-05T18:52:24 IST" name="setup" finished-at="2024-03-05T18:52:49 IST" duration-ms="25369" status="PASS">
          <reporter-output>
          </reporter-output>
        </test-method> <!-- setup -->
        <test-method signature="verifyCreateAccountPGETest()[pri:0, instance:com.Mystore.TestCases.AccountCreationTest@3d51f06e]" started-at="2024-03-05T18:52:49 IST" name="verifyCreateAccountPGETest" finished-at="2024-03-05T18:52:53 IST" duration-ms="3235" status="PASS">
          <reporter-output>
          </reporter-output>
        </test-method> <!-- verifyCreateAccountPGETest -->
        <test-method is-config="true" signature="tearDown()[pri:0, instance:com.Mystore.TestCases.AccountCreationTest@3d51f06e]" started-at="2024-03-05T18:52:53 IST" name="tearDown" finished-at="2024-03-05T18:52:53 IST" duration-ms="247" status="PASS">
          <reporter-output>
          </reporter-output>
        </test-method> <!-- tearDown -->
      </class> <!-- com.Mystore.TestCases.AccountCreationTest -->
      <class name="com.Mystore.TestCases.OrderPageTest">
        <test-method is-config="true" signature="setup()[pri:0, instance:com.Mystore.TestCases.OrderPageTest@1cbbffcd]" started-at="2024-03-05T18:50:06 IST" name="setup" finished-at="2024-03-05T18:50:17 IST" duration-ms="11257" status="PASS">
          <reporter-output>
          </reporter-output>
        </test-method> <!-- setup -->
        <test-method signature="validateTotalPrice()[pri:0, instance:com.Mystore.TestCases.OrderPageTest@1cbbffcd]" started-at="2024-03-05T18:50:17 IST" name="validateTotalPrice" finished-at="2024-03-05T18:50:53 IST" duration-ms="36242" status="FAIL">
          <exception class="org.openqa.selenium.NoSuchElementException">
            <message>
              <![CDATA[no such element: Unable to locate element: {"method":"xpath","selector":"/html[1]/body[1]/div[1]/div[2]/div[1]/div[3]/div[1]/div[2]/table[1]/tbody[1]/tr[1]/td[4]/ul[1]/li[1]"}
  (Session info: chrome=122.0.6261.70)
For documentation on this error, please visit: https://www.seleniumhq.org/exceptions/no_such_element.html
Build info: version: '3.141.59', revision: 'e82be7d358', time: '2018-11-14T08:17:03'
System info: host: 'DESKTOP-7P6PTT4', ip: '192.168.29.139', os.name: 'Windows 11', os.arch: 'amd64', os.version: '10.0', java.version: '21.0.1'
Driver info: org.openqa.selenium.chrome.ChromeDriver
Capabilities {acceptInsecureCerts: false, browserName: chrome, browserVersion: 122.0.6261.70, chrome: {chromedriverVersion: 122.0.6261.69 (81bc525b6a36..., userDataDir: C:\Users\user\AppData\Local...}, fedcm:accounts: true, goog:chromeOptions: {debuggerAddress: localhost:56501}, javascriptEnabled: true, networkConnectionEnabled: false, pageLoadStrategy: normal, platform: WINDOWS, platformName: WINDOWS, proxy: Proxy(), setWindowRect: true, strictFileInteractability: false, timeouts: {implicit: 0, pageLoad: 300000, script: 30000}, unhandledPromptBehavior: dismiss and notify, webauthn:extension:credBlob: true, webauthn:extension:largeBlob: true, webauthn:extension:minPinLength: true, webauthn:extension:prf: true, webauthn:virtualAuthenticators: true}
Session ID: fd865ed6840e7f2f14fe90b7bd57b8b7
*** Element info: {Using=xpath, value=/html[1]/body[1]/div[1]/div[2]/div[1]/div[3]/div[1]/div[2]/table[1]/tbody[1]/tr[1]/td[4]/ul[1]/li[1]}]]>
            </message>
            <full-stacktrace>
              <![CDATA[org.openqa.selenium.NoSuchElementException: no such element: Unable to locate element: {"method":"xpath","selector":"/html[1]/body[1]/div[1]/div[2]/div[1]/div[3]/div[1]/div[2]/table[1]/tbody[1]/tr[1]/td[4]/ul[1]/li[1]"}
  (Session info: chrome=122.0.6261.70)
For documentation on this error, please visit: https://www.seleniumhq.org/exceptions/no_such_element.html
Build info: version: '3.141.59', revision: 'e82be7d358', time: '2018-11-14T08:17:03'
System info: host: 'DESKTOP-7P6PTT4', ip: '192.168.29.139', os.name: 'Windows 11', os.arch: 'amd64', os.version: '10.0', java.version: '21.0.1'
Driver info: org.openqa.selenium.chrome.ChromeDriver
Capabilities {acceptInsecureCerts: false, browserName: chrome, browserVersion: 122.0.6261.70, chrome: {chromedriverVersion: 122.0.6261.69 (81bc525b6a36..., userDataDir: C:\Users\user\AppData\Local...}, fedcm:accounts: true, goog:chromeOptions: {debuggerAddress: localhost:56501}, javascriptEnabled: true, networkConnectionEnabled: false, pageLoadStrategy: normal, platform: WINDOWS, platformName: WINDOWS, proxy: Proxy(), setWindowRect: true, strictFileInteractability: false, timeouts: {implicit: 0, pageLoad: 300000, script: 30000}, unhandledPromptBehavior: dismiss and notify, webauthn:extension:credBlob: true, webauthn:extension:largeBlob: true, webauthn:extension:minPinLength: true, webauthn:extension:prf: true, webauthn:virtualAuthenticators: true}
Session ID: fd865ed6840e7f2f14fe90b7bd57b8b7
*** Element info: {Using=xpath, value=/html[1]/body[1]/div[1]/div[2]/div[1]/div[3]/div[1]/div[2]/table[1]/tbody[1]/tr[1]/td[4]/ul[1]/li[1]}
at java.base/jdk.internal.reflect.DirectConstructorHandleAccessor.newInstance(DirectConstructorHandleAccessor.java:62)
at java.base/java.lang.reflect.Constructor.newInstanceWithCaller(Constructor.java:502)
at java.base/java.lang.reflect.Constructor.newInstance(Constructor.java:486)
at org.openqa.selenium.remote.http.W3CHttpResponseCodec.createException(W3CHttpResponseCodec.java:187)
at org.openqa.selenium.remote.http.W3CHttpResponseCodec.decode(W3CHttpResponseCodec.java:122)
at org.openqa.selenium.remote.http.W3CHttpResponseCodec.decode(W3CHttpResponseCodec.java:49)
at org.openqa.selenium.remote.HttpCommandExecutor.execute(HttpCommandExecutor.java:158)
at org.openqa.selenium.remote.service.DriverCommandExecutor.execute(DriverCommandExecutor.java:83)
at org.openqa.selenium.remote.RemoteWebDriver.execute(RemoteWebDriver.java:552)
at org.openqa.selenium.remote.RemoteWebDriver.findElement(RemoteWebDriver.java:323)
at org.openqa.selenium.remote.RemoteWebDriver.findElementByXPath(RemoteWebDriver.java:428)
at org.openqa.selenium.By$ByXPath.findElement(By.java:353)
at org.openqa.selenium.remote.RemoteWebDriver.findElement(RemoteWebDriver.java:315)
at org.openqa.selenium.support.pagefactory.DefaultElementLocator.findElement(DefaultElementLocator.java:69)
at org.openqa.selenium.support.pagefactory.internal.LocatingElementHandler.invoke(LocatingElementHandler.java:38)
at jdk.proxy2/jdk.proxy2.$Proxy16.getText(Unknown Source)
at com.Mystore.PageObjects.OrderPage.getUnitPrice(OrderPage.java:33)
at com.Mystore.TestCases.OrderPageTest.validateTotalPrice(OrderPageTest.java:56)
at java.base/jdk.internal.reflect.DirectMethodHandleAccessor.invoke(DirectMethodHandleAccessor.java:103)
at java.base/java.lang.reflect.Method.invoke(Method.java:580)
at org.testng.internal.MethodInvocationHelper.invokeMethod(MethodInvocationHelper.java:134)
at org.testng.internal.TestInvoker.invokeMethod(TestInvoker.java:597)
at org.testng.internal.TestInvoker.invokeTestMethod(TestInvoker.java:173)
at org.testng.internal.MethodRunner.runInSequence(MethodRunner.java:46)
at org.testng.internal.TestInvoker$MethodInvocationAgent.invoke(TestInvoker.java:816)
at org.testng.internal.TestInvoker.invokeTestMethods(TestInvoker.java:146)
at org.testng.internal.TestMethodWorker.invokeTestMethods(TestMethodWorker.java:146)
at org.testng.internal.TestMethodWorker.run(TestMethodWorker.java:128)
at java.base/java.util.ArrayList.forEach(ArrayList.java:1596)
at org.testng.TestRunner.privateRun(TestRunner.java:766)
at org.testng.TestRunner.run(TestRunner.java:587)
at org.testng.SuiteRunner.runTest(SuiteRunner.java:384)
at org.testng.SuiteRunner.runSequentially(SuiteRunner.java:378)
at org.testng.SuiteRunner.privateRun(SuiteRunner.java:337)
at org.testng.SuiteRunner.run(SuiteRunner.java:286)
at org.testng.SuiteRunnerWorker.runSuite(SuiteRunnerWorker.java:53)
at org.testng.SuiteRunnerWorker.run(SuiteRunnerWorker.java:96)
at org.testng.TestNG.runSuitesSequentially(TestNG.java:1187)
at org.testng.TestNG.runSuitesLocally(TestNG.java:1109)
at org.testng.TestNG.runSuites(TestNG.java:1039)
at org.testng.TestNG.run(TestNG.java:1007)
at org.testng.remote.AbstractRemoteTestNG.run(AbstractRemoteTestNG.java:115)
at org.testng.remote.RemoteTestNG.initAndRun(RemoteTestNG.java:251)
at org.testng.remote.RemoteTestNG.main(RemoteTestNG.java:77)
]]>
            </full-stacktrace>
          </exception> <!-- org.openqa.selenium.NoSuchElementException -->
          <reporter-output>
          </reporter-output>
        </test-method> <!-- validateTotalPrice -->
        <test-method is-config="true" signature="tearDown()[pri:0, instance:com.Mystore.TestCases.OrderPageTest@1cbbffcd]" started-at="2024-03-05T18:50:53 IST" name="tearDown" finished-at="2024-03-05T18:50:54 IST" duration-ms="313" status="PASS">
          <reporter-output>
          </reporter-output>
        </test-method> <!-- tearDown -->
      </class> <!-- com.Mystore.TestCases.OrderPageTest -->
      <class name="com.Mystore.TestCases.LoginPageTest">
        <test-method is-config="true" signature="setup()[pri:0, instance:com.Mystore.TestCases.LoginPageTest@481a996b]" started-at="2024-03-05T18:51:54 IST" name="setup" finished-at="2024-03-05T18:52:21 IST" duration-ms="26587" status="PASS">
          <reporter-output>
          </reporter-output>
        </test-method> <!-- setup -->
        <test-method signature="LoginTest(java.lang.String, java.lang.String)[pri:0, instance:com.Mystore.TestCases.LoginPageTest@481a996b]" started-at="2024-03-05T18:52:21 IST" name="LoginTest" data-provider="credentials" finished-at="2024-03-05T18:52:24 IST" duration-ms="2898" status="PASS">
          <params>
            <param index="0">
              <value>
                <![CDATA[qwerty@xyz.com]]>
              </value>
            </param>
            <param index="1">
              <value>
                <![CDATA[Test@123]]>
              </value>
            </param>
          </params>
          <reporter-output>
          </reporter-output>
        </test-method> <!-- LoginTest -->
        <test-method is-config="true" signature="tearDown()[pri:0, instance:com.Mystore.TestCases.LoginPageTest@481a996b]" started-at="2024-03-05T18:52:24 IST" name="tearDown" finished-at="2024-03-05T18:52:24 IST" duration-ms="232" status="PASS">
          <reporter-output>
          </reporter-output>
        </test-method> <!-- tearDown -->
      </class> <!-- com.Mystore.TestCases.LoginPageTest -->
      <class name="com.Mystore.TestCases.HomePageTest">
        <test-method is-config="true" signature="beforeSuite()[pri:0, instance:com.Mystore.TestCases.HomePageTest@3daa422a]" started-at="2024-03-05T18:49:07 IST" name="beforeSuite" finished-at="2024-03-05T18:49:07 IST" duration-ms="255" status="PASS">
          <reporter-output>
          </reporter-output>
        </test-method> <!-- beforeSuite -->
        <test-method is-config="true" signature="loadConfig()[pri:0, instance:com.Mystore.TestCases.HomePageTest@3daa422a]" started-at="2024-03-05T18:49:07 IST" name="loadConfig" finished-at="2024-03-05T18:49:07 IST" duration-ms="6" status="PASS">
          <reporter-output>
          </reporter-output>
        </test-method> <!-- loadConfig -->
        <test-method is-config="true" signature="setup()[pri:0, instance:com.Mystore.TestCases.HomePageTest@3daa422a]" started-at="2024-03-05T18:49:07 IST" name="setup" finished-at="2024-03-05T18:49:33 IST" duration-ms="26100" status="PASS">
          <reporter-output>
          </reporter-output>
        </test-method> <!-- setup -->
        <test-method signature="validateGetCurrentURL()[pri:0, instance:com.Mystore.TestCases.HomePageTest@3daa422a]" started-at="2024-03-05T18:49:33 IST" name="validateGetCurrentURL" finished-at="2024-03-05T18:49:36 IST" duration-ms="3151" status="PASS">
          <reporter-output>
          </reporter-output>
        </test-method> <!-- validateGetCurrentURL -->
        <test-method is-config="true" signature="tearDown()[pri:0, instance:com.Mystore.TestCases.HomePageTest@3daa422a]" started-at="2024-03-05T18:49:36 IST" name="tearDown" finished-at="2024-03-05T18:49:37 IST" duration-ms="265" status="PASS">
          <reporter-output>
          </reporter-output>
        </test-method> <!-- tearDown -->
        <test-method is-config="true" signature="afterSuite()[pri:0, instance:com.Mystore.TestCases.HomePageTest@3daa422a]" started-at="2024-03-05T18:54:42 IST" name="afterSuite" finished-at="2024-03-05T18:54:42 IST" duration-ms="312" status="PASS">
          <reporter-output>
          </reporter-output>
        </test-method> <!-- afterSuite -->
      </class> <!-- com.Mystore.TestCases.HomePageTest -->
      <class name="com.Mystore.TestCases.EndToEndTest">
        <test-method is-config="true" signature="setup()[pri:0, instance:com.Mystore.TestCases.EndToEndTest@27ce24aa]" started-at="2024-03-05T18:50:54 IST" name="setup" finished-at="2024-03-05T18:51:04 IST" duration-ms="10027" status="PASS">
          <reporter-output>
          </reporter-output>
        </test-method> <!-- setup -->
        <test-method signature="EndToEndTest()[pri:0, instance:com.Mystore.TestCases.EndToEndTest@27ce24aa]" started-at="2024-03-05T18:51:04 IST" name="EndToEndTest" finished-at="2024-03-05T18:51:53 IST" duration-ms="49806" status="PASS">
          <reporter-output>
          </reporter-output>
        </test-method> <!-- EndToEndTest -->
        <test-method is-config="true" signature="tearDown()[pri:0, instance:com.Mystore.TestCases.EndToEndTest@27ce24aa]" started-at="2024-03-05T18:51:53 IST" name="tearDown" finished-at="2024-03-05T18:51:54 IST" duration-ms="253" status="PASS">
          <reporter-output>
          </reporter-output>
        </test-method> <!-- tearDown -->
      </class> <!-- com.Mystore.TestCases.EndToEndTest -->
      <class name="com.Mystore.TestCases.AddToCartPageTest">
        <test-method is-config="true" signature="setup()[pri:0, instance:com.Mystore.TestCases.AddToCartPageTest@28eaa59a]" started-at="2024-03-05T18:54:04 IST" name="setup" finished-at="2024-03-05T18:54:14 IST" duration-ms="10124" status="PASS">
          <reporter-output>
          </reporter-output>
        </test-method> <!-- setup -->
        <test-method signature="addToCartTest()[pri:0, instance:com.Mystore.TestCases.AddToCartPageTest@28eaa59a]" started-at="2024-03-05T18:54:14 IST" name="addToCartTest" finished-at="2024-03-05T18:54:42 IST" duration-ms="27612" status="PASS">
          <reporter-output>
          </reporter-output>
        </test-method> <!-- addToCartTest -->
        <test-method is-config="true" signature="tearDown()[pri:0, instance:com.Mystore.TestCases.AddToCartPageTest@28eaa59a]" started-at="2024-03-05T18:54:42 IST" name="tearDown" finished-at="2024-03-05T18:54:42 IST" duration-ms="265" status="PASS">
          <reporter-output>
          </reporter-output>
        </test-method> <!-- tearDown -->
      </class> <!-- com.Mystore.TestCases.AddToCartPageTest -->
    </test> <!-- Test_all -->
  </suite> <!-- Suite -->
</testng-results>
